Using pre-set license
Built from '2021.3/staging' branch; Version is '2021.3.22f1 (b6c551784ba3) revision 11978065'; Using compiler version '192829333'; Build Type 'Release'
OS: 'Windows 10  (10.0.19045) 64bit Core' Language: 'ru' Physical Memory: 32692 MB
BatchMode: 1, IsHumanControllingUs: 0, StartBugReporterOnCrash: 0, Is64bit: 1, IsPro: 1

COMMAND LINE ARGUMENTS:
F:\unity\2021.3.22f1\Editor\Unity.exe
-adb2
-batchMode
-noUpm
-name
AssetImportWorker3
-projectPath
F:/unity/test2
-logFile
Logs/AssetImportWorker3.log
-srvPort
43061
Successfully changed project path to: F:/unity/test2
F:/unity/test2
[UnityMemory] Configuration Parameters - Can be set up in boot.config
    "memorysetup-bucket-allocator-granularity=16"
    "memorysetup-bucket-allocator-bucket-count=8"
    "memorysetup-bucket-allocator-block-size=33554432"
    "memorysetup-bucket-allocator-block-count=8"
    "memorysetup-main-allocator-block-size=16777216"
    "memorysetup-thread-allocator-block-size=16777216"
    "memorysetup-gfx-main-allocator-block-size=16777216"
    "memorysetup-gfx-thread-allocator-block-size=16777216"
    "memorysetup-cache-allocator-block-size=4194304"
    "memorysetup-typetree-allocator-block-size=2097152"
    "memorysetup-profiler-bucket-allocator-granularity=16"
    "memorysetup-profiler-bucket-allocator-bucket-count=8"
    "memorysetup-profiler-bucket-allocator-block-size=33554432"
    "memorysetup-profiler-bucket-allocator-block-count=8"
    "memorysetup-profiler-allocator-block-size=16777216"
    "memorysetup-profiler-editor-allocator-block-size=1048576"
    "memorysetup-temp-allocator-size-main=16777216"
    "memorysetup-job-temp-allocator-block-size=2097152"
    "memorysetup-job-temp-allocator-block-size-background=1048576"
    "memorysetup-job-temp-allocator-reduction-small-platforms=262144"
    "memorysetup-temp-allocator-size-background-worker=32768"
    "memorysetup-temp-allocator-size-job-worker=262144"
    "memorysetup-temp-allocator-size-preload-manager=33554432"
    "memorysetup-temp-allocator-size-nav-mesh-worker=65536"
    "memorysetup-temp-allocator-size-audio-worker=65536"
    "memorysetup-temp-allocator-size-cloud-worker=32768"
    "memorysetup-temp-allocator-size-gi-baking-worker=262144"
    "memorysetup-temp-allocator-size-gfx=262144"
Player connection [14288] Host "[IP] 192.168.31.173 [Port] 0 [Flags] 2 [Guid] 173351779 [EditorId] 173351779 [Version] 1048832 [Id] WindowsEditor(7,DESKTOP-H8S4TEK) [Debug] 1 [PackageName] WindowsEditor [ProjectName] Editor" joined multi-casting on [225.0.0.222:54997]...

Player connection [14288] Host "[IP] 192.168.31.173 [Port] 0 [Flags] 2 [Guid] 173351779 [EditorId] 173351779 [Version] 1048832 [Id] WindowsEditor(7,DESKTOP-H8S4TEK) [Debug] 1 [PackageName] WindowsEditor [ProjectName] Editor" joined alternative multi-casting on [225.0.0.222:34997]...

Refreshing native plugins compatible for Editor in 159.67 ms, found 3 plugins.
Preloading 0 native plugins for Editor in 0.00 ms.
Initialize engine version: 2021.3.22f1 (b6c551784ba3)
[Subsystems] Discovering subsystems at path F:/unity/2021.3.22f1/Editor/Data/Resources/UnitySubsystems
[Subsystems] Discovering subsystems at path F:/unity/test2/Assets
GfxDevice: creating device client; threaded=0; jobified=0
Direct3D:
    Version:  Direct3D 11.0 [level 11.1]
    Renderer: NVIDIA GeForce RTX 2080 (ID=0x1e87)
    Vendor:   NVIDIA
    VRAM:     7987 MB
    Driver:   32.0.15.6070
Initialize mono
Mono path[0] = 'F:/unity/2021.3.22f1/Editor/Data/Managed'
Mono path[1] = 'F:/unity/2021.3.22f1/Editor/Data/MonoBleedingEdge/lib/mono/unityjit-win32'
Mono config path = 'F:/unity/2021.3.22f1/Editor/Data/MonoBleedingEdge/etc'
Using monoOptions --debugger-agent=transport=dt_socket,embedding=1,server=y,suspend=n,address=127.0.0.1:56408
Begin MonoManager ReloadAssembly
Registering precompiled unity dll's ...
Register platform support module: F:/unity/2021.3.22f1/Editor/Data/PlaybackEngines/WebGLSupport/UnityEditor.WebGL.Extensions.dll
Register platform support module: F:/unity/2021.3.22f1/Editor/Data/PlaybackEngines/AndroidPlayer/UnityEditor.Android.Extensions.dll
Register platform support module: F:/unity/2021.3.22f1/Editor/Data/PlaybackEngines/WindowsStandaloneSupport/UnityEditor.WindowsStandalone.Extensions.dll
Registered in 0.005087 seconds.
Native extension for WindowsStandalone target not found
Native extension for Android target not found
Android Extension - Scanning For ADB Devices 749 ms
Native extension for WebGL target not found
Refreshing native plugins compatible for Editor in 140.99 ms, found 3 plugins.
Preloading 0 native plugins for Editor in 0.00 ms.
Mono: successfully reloaded assembly
- Completed reload, in  1.551 seconds
Domain Reload Profiling:
	ReloadAssembly (1551ms)
		BeginReloadAssembly (125ms)
			ExecutionOrderSort (0ms)
			DisableScriptedObjects (0ms)
			BackupInstance (0ms)
			ReleaseScriptingObjects (0ms)
			CreateAndSetChildDomain (1ms)
		EndReloadAssembly (1322ms)
			LoadAssemblies (125ms)
			RebuildTransferFunctionScriptingTraits (0ms)
			SetupTypeCache (136ms)
			ReleaseScriptCaches (0ms)
			RebuildScriptCaches (29ms)
			SetupLoadedEditorAssemblies (1107ms)
				LogAssemblyErrors (0ms)
				InitializePlatformSupportModulesInManaged (840ms)
				SetLoadedEditorAssemblies (0ms)
				RefreshPlugins (141ms)
				BeforeProcessingInitializeOnLoad (1ms)
				ProcessInitializeOnLoadAttributes (86ms)
				ProcessInitializeOnLoadMethodAttributes (39ms)
				AfterProcessingInitializeOnLoad (0ms)
				EditorAssembliesLoaded (0ms)
			ExecutionOrderSort2 (0ms)
			AwakeInstancesAfterBackupRestoration (0ms)
Platform modules already initialized, skipping
Registering precompiled user dll's ...
Registered in 0.009686 seconds.
Begin MonoManager ReloadAssembly
Symbol file LoadedFromMemory doesn't match image F:\unity\test2\Library\PackageCache\com.unity.visualscripting@1.8.0\Editor\VisualScripting.Core\Dependencies\YamlDotNet\Unity.VisualScripting.YamlDotNet.dll
Symbol file LoadedFromMemory doesn't match image F:\unity\test2\Library\PackageCache\com.unity.visualscripting@1.8.0\Editor\VisualScripting.Core\Dependencies\DotNetZip\Unity.VisualScripting.IonicZip.dll
Native extension for WindowsStandalone target not found
Native extension for Android target not found
Native extension for WebGL target not found
Refreshing native plugins compatible for Editor in 123.99 ms, found 3 plugins.
Preloading 0 native plugins for Editor in 0.00 ms.
Mono: successfully reloaded assembly
- Completed reload, in  1.448 seconds
Domain Reload Profiling:
	ReloadAssembly (1450ms)
		BeginReloadAssembly (124ms)
			ExecutionOrderSort (0ms)
			DisableScriptedObjects (6ms)
			BackupInstance (0ms)
			ReleaseScriptingObjects (0ms)
			CreateAndSetChildDomain (17ms)
		EndReloadAssembly (1231ms)
			LoadAssemblies (184ms)
			RebuildTransferFunctionScriptingTraits (0ms)
			SetupTypeCache (297ms)
			ReleaseScriptCaches (1ms)
			RebuildScriptCaches (56ms)
			SetupLoadedEditorAssemblies (650ms)
				LogAssemblyErrors (0ms)
				InitializePlatformSupportModulesInManaged (16ms)
				SetLoadedEditorAssemblies (0ms)
				RefreshPlugins (124ms)
				BeforeProcessingInitializeOnLoad (138ms)
				ProcessInitializeOnLoadAttributes (271ms)
				ProcessInitializeOnLoadMethodAttributes (94ms)
				AfterProcessingInitializeOnLoad (6ms)
				EditorAssembliesLoaded (0ms)
			ExecutionOrderSort2 (0ms)
			AwakeInstancesAfterBackupRestoration (11ms)
Platform modules already initialized, skipping
========================================================================
Worker process is ready to serve import requests
Launched and connected shader compiler UnityShaderCompiler.exe after 0.06 seconds
Refreshing native plugins compatible for Editor in 0.88 ms, found 3 plugins.
Preloading 0 native plugins for Editor in 0.00 ms.
Unloading 5227 Unused Serialized files (Serialized files now loaded: 0)
Unloading 32 unused Assets / (458.5 KB). Loaded Objects now: 5718.
Memory consumption went from 241.2 MB to 240.8 MB.
Total: 3.513300 ms (FindLiveObjects: 0.425200 ms CreateObjectMapping: 0.344800 ms MarkObjects: 2.453200 ms  DeleteObjects: 0.289400 ms)

AssetImportParameters requested are different than current active one (requested -> active):
  custom:video-decoder-ogg-theora: a1e56fd34408186e4bbccfd4996cb3dc -> 
  custom:container-muxer-webm: aa71ff27fc2769a1b78a27578f13a17b -> 
  custom:container-demuxer-webm: 4f35f7cbe854078d1ac9338744f61a02 -> 
  custom:video-encoder-webm-vp8: eb34c28f22e8b96e1ab97ce403110664 -> 
  custom:audio-encoder-webm-vorbis: bf7c407c2cedff20999df2af8eb42d56 -> 
  custom:framework-win-MediaFoundation: 216162199b28c13a410421893ffa2e32 -> 
  custom:container-demuxer-ogg: 62fdf1f143b41e24485cea50d1cbac27 -> 
  custom:video-decoder-webm-vp8: 9c59270c3fd7afecdb556c50c9e8de78 -> 
  custom:audio-decoder-ogg-vorbis: bf7c407c2cedff20999df2af8eb42d56 -> 
========================================================================
Received Import Request.
  Time since last request: 1096372.608261 seconds.
  path: Assets/Platformer_4_Candy/Meshes/apple_001.fbx
  artifactKey: Guid(df04400b1c7c80a4199c163153d5cbf4) Importer(815301076,1909f56bfc062723c751e8b465ee728b)
Start importing Assets/Platformer_4_Candy/Meshes/apple_001.fbx using Guid(df04400b1c7c80a4199c163153d5cbf4) Importer(815301076,1909f56bfc062723c751e8b465ee728b)  -> (artifact id: '314ddc9888bebf92f6f23708e6fd2890') in 0.298448 seconds 
========================================================================
Received Import Request.
  Time since last request: 0.000024 seconds.
  path: Assets/Platformer_4_Candy/Meshes/dynamite_002.fbx
  artifactKey: Guid(f9565655d87342d4dbafbac68ddd071b) Importer(815301076,1909f56bfc062723c751e8b465ee728b)
Start importing Assets/Platformer_4_Candy/Meshes/dynamite_002.fbx using Guid(f9565655d87342d4dbafbac68ddd071b) Importer(815301076,1909f56bfc062723c751e8b465ee728b)  -> (artifact id: '295ca25edbc64db7863e98777e810d7f') in 0.018881 seconds 
========================================================================
Received Import Request.
  Time since last request: 0.000029 seconds.
  path: Assets/Platformer_4_Candy/Meshes/candy_011.fbx
  artifactKey: Guid(47be27a7b78b8f542ad6c82f86ac566d) Importer(815301076,1909f56bfc062723c751e8b465ee728b)
Start importing Assets/Platformer_4_Candy/Meshes/candy_011.fbx using Guid(47be27a7b78b8f542ad6c82f86ac566d) Importer(815301076,1909f56bfc062723c751e8b465ee728b)  -> (artifact id: 'f77e07473cc91c49400fb27f849d0ca5') in 0.020773 seconds 
========================================================================
Received Import Request.
  Time since last request: 0.000018 seconds.
  path: Assets/Platformer_4_Candy/Meshes/drone_propeller_002.fbx
  artifactKey: Guid(74da0ba053e1d3a429401aad079664ea) Importer(815301076,1909f56bfc062723c751e8b465ee728b)
Start importing Assets/Platformer_4_Candy/Meshes/drone_propeller_002.fbx using Guid(74da0ba053e1d3a429401aad079664ea) Importer(815301076,1909f56bfc062723c751e8b465ee728b)  -> (artifact id: '1fb831124bc656d2b965537233ffe047') in 0.019505 seconds 
========================================================================
Received Import Request.
  Time since last request: 0.000021 seconds.
  path: Assets/Platformer_4_Candy/Meshes/candy_009.fbx
  artifactKey: Guid(d2462bfa7a1690346875c70b477241fe) Importer(815301076,1909f56bfc062723c751e8b465ee728b)
Start importing Assets/Platformer_4_Candy/Meshes/candy_009.fbx using Guid(d2462bfa7a1690346875c70b477241fe) Importer(815301076,1909f56bfc062723c751e8b465ee728b)  -> (artifact id: '4361340a9ca6cb4cd400d8b435ce561b') in 0.016821 seconds 
========================================================================
Received Import Request.
  Time since last request: 0.000020 seconds.
  path: Assets/Platformer_4_Candy/Meshes/candy_017.fbx
  artifactKey: Guid(698dd122667af4048a26b371943e2a15) Importer(815301076,1909f56bfc062723c751e8b465ee728b)
Start importing Assets/Platformer_4_Candy/Meshes/candy_017.fbx using Guid(698dd122667af4048a26b371943e2a15) Importer(815301076,1909f56bfc062723c751e8b465ee728b)  -> (artifact id: '0a9a5e428af6032e799cffb7de5e8edc') in 0.018834 seconds 
========================================================================
Received Import Request.
  Time since last request: 0.000022 seconds.
  path: Assets/Platformer_4_Candy/Meshes/cup_platform_001.fbx
  artifactKey: Guid(392675f8f4491d846bbf2c0ba8c9f997) Importer(815301076,1909f56bfc062723c751e8b465ee728b)
Start importing Assets/Platformer_4_Candy/Meshes/cup_platform_001.fbx using Guid(392675f8f4491d846bbf2c0ba8c9f997) Importer(815301076,1909f56bfc062723c751e8b465ee728b)  -> (artifact id: '99ecf8b87d1da64073723417e611e59e') in 0.017474 seconds 
========================================================================
Received Import Request.
  Time since last request: 0.000020 seconds.
  path: Assets/Platformer_4_Candy/Meshes/ground_002.fbx
  artifactKey: Guid(6278564b23590c34b876b77ba5823eb2) Importer(815301076,1909f56bfc062723c751e8b465ee728b)
Start importing Assets/Platformer_4_Candy/Meshes/ground_002.fbx using Guid(6278564b23590c34b876b77ba5823eb2) Importer(815301076,1909f56bfc062723c751e8b465ee728b)  -> (artifact id: '97c6b9252392436d57e467752313b64b') in 0.018297 seconds 
========================================================================
Received Import Request.
  Time since last request: 0.000022 seconds.
  path: Assets/Platformer_4_Candy/Meshes/candy_004.fbx
  artifactKey: Guid(5ec67a0460ec48241a0dfebc6e01a800) Importer(815301076,1909f56bfc062723c751e8b465ee728b)
Start importing Assets/Platformer_4_Candy/Meshes/candy_004.fbx using Guid(5ec67a0460ec48241a0dfebc6e01a800) Importer(815301076,1909f56bfc062723c751e8b465ee728b)  -> (artifact id: '1a775d35441c2f76a677efec9dd9e3b3') in 0.018697 seconds 
========================================================================
Received Import Request.
  Time since last request: 0.000020 seconds.
  path: Assets/Platformer_4_Candy/Meshes/candy_008.fbx
  artifactKey: Guid(2abe4f8cb6f63134c92880a79c357cd8) Importer(815301076,1909f56bfc062723c751e8b465ee728b)
Start importing Assets/Platformer_4_Candy/Meshes/candy_008.fbx using Guid(2abe4f8cb6f63134c92880a79c357cd8) Importer(815301076,1909f56bfc062723c751e8b465ee728b)  -> (artifact id: '63111ad90a377e85f5f88dcd0d2a472b') in 0.016515 seconds 
========================================================================
Received Import Request.
  Time since last request: 0.000028 seconds.
  path: Assets/Platformer_4_Candy/Meshes/gummi_bear_06.fbx
  artifactKey: Guid(b5aa196c9ffc9d2458229b86ab669527) Importer(815301076,1909f56bfc062723c751e8b465ee728b)
Start importing Assets/Platformer_4_Candy/Meshes/gummi_bear_06.fbx using Guid(b5aa196c9ffc9d2458229b86ab669527) Importer(815301076,1909f56bfc062723c751e8b465ee728b)  -> (artifact id: '2ca44a7c2da85452b8b8ef19adba3a5b') in 0.019062 seconds 
========================================================================
Received Import Request.
  Time since last request: 0.000028 seconds.
  path: Assets/Platformer_4_Candy/Meshes/drone_sign_004.fbx
  artifactKey: Guid(d0a25ce837980ca45b7653203af74b6f) Importer(815301076,1909f56bfc062723c751e8b465ee728b)
Start importing Assets/Platformer_4_Candy/Meshes/drone_sign_004.fbx using Guid(d0a25ce837980ca45b7653203af74b6f) Importer(815301076,1909f56bfc062723c751e8b465ee728b)  -> (artifact id: '44d37929dab7c1e3c3af4747d9262f8b') in 0.832038 seconds 
========================================================================
Received Import Request.
  Time since last request: 0.086531 seconds.
  path: Assets/Platformer_4_Candy/Meshes/lollipop_012.fbx
  artifactKey: Guid(ba1d9fa406b369c4099c5ca911958c31) Importer(815301076,1909f56bfc062723c751e8b465ee728b)
Start importing Assets/Platformer_4_Candy/Meshes/lollipop_012.fbx using Guid(ba1d9fa406b369c4099c5ca911958c31) Importer(815301076,1909f56bfc062723c751e8b465ee728b)  -> (artifact id: 'eaf6c12c98db0c4c1f1d117b72b2bf53') in 0.016706 seconds 
========================================================================
Received Import Request.
  Time since last request: 0.000017 seconds.
  path: Assets/Platformer_4_Candy/Meshes/lollipop_023.fbx
  artifactKey: Guid(47fdb0e86d0cb1749851644224b3735a) Importer(815301076,1909f56bfc062723c751e8b465ee728b)
Start importing Assets/Platformer_4_Candy/Meshes/lollipop_023.fbx using Guid(47fdb0e86d0cb1749851644224b3735a) Importer(815301076,1909f56bfc062723c751e8b465ee728b)  -> (artifact id: 'ef7afb7f318cbfea81f4725b2bd3c51c') in 0.017423 seconds 
========================================================================
Received Import Request.
  Time since last request: 0.000018 seconds.
  path: Assets/Platformer_4_Candy/Meshes/lollipop_016.fbx
  artifactKey: Guid(38f2fe7ef4869694cb4af0f05cf7ccac) Importer(815301076,1909f56bfc062723c751e8b465ee728b)
Start importing Assets/Platformer_4_Candy/Meshes/lollipop_016.fbx using Guid(38f2fe7ef4869694cb4af0f05cf7ccac) Importer(815301076,1909f56bfc062723c751e8b465ee728b)  -> (artifact id: '5b794632accc6609930194cfe9a38117') in 0.018899 seconds 
========================================================================
Received Import Request.
  Time since last request: 0.000018 seconds.
  path: Assets/Platformer_4_Candy/Meshes/lollipop_014.fbx
  artifactKey: Guid(e368fd26ba6968a46a2754784e13ca2f) Importer(815301076,1909f56bfc062723c751e8b465ee728b)
Start importing Assets/Platformer_4_Candy/Meshes/lollipop_014.fbx using Guid(e368fd26ba6968a46a2754784e13ca2f) Importer(815301076,1909f56bfc062723c751e8b465ee728b)  -> (artifact id: 'b0bb024aa0bbcca8fb7512c939c2c52f') in 0.018283 seconds 
========================================================================
Received Import Request.
  Time since last request: 0.000023 seconds.
  path: Assets/Platformer_4_Candy/Meshes/lollipop_017.fbx
  artifactKey: Guid(147121876d1496646b5d3c8f8599521b) Importer(815301076,1909f56bfc062723c751e8b465ee728b)
Start importing Assets/Platformer_4_Candy/Meshes/lollipop_017.fbx using Guid(147121876d1496646b5d3c8f8599521b) Importer(815301076,1909f56bfc062723c751e8b465ee728b)  -> (artifact id: '30a30d6d16a13163119664c3900ad5e9') in 0.019125 seconds 
========================================================================
Received Import Request.
  Time since last request: 0.000026 seconds.
  path: Assets/Platformer_4_Candy/Meshes/marmalade_002.fbx
  artifactKey: Guid(ed6c4fce511329d45a7687af9110adbb) Importer(815301076,1909f56bfc062723c751e8b465ee728b)
Start importing Assets/Platformer_4_Candy/Meshes/marmalade_002.fbx using Guid(ed6c4fce511329d45a7687af9110adbb) Importer(815301076,1909f56bfc062723c751e8b465ee728b)  -> (artifact id: '0a90d7ee9e5abf153f8bac461b2ee4ce') in 0.019598 seconds 
========================================================================
Received Import Request.
  Time since last request: 0.000036 seconds.
  path: Assets/Platformer_4_Candy/Meshes/lollipop_031.fbx
  artifactKey: Guid(ceeb155c7bca12f4381dcbdfee01a869) Importer(815301076,1909f56bfc062723c751e8b465ee728b)
Start importing Assets/Platformer_4_Candy/Meshes/lollipop_031.fbx using Guid(ceeb155c7bca12f4381dcbdfee01a869) Importer(815301076,1909f56bfc062723c751e8b465ee728b)  -> (artifact id: 'e36c1e609503482c6199d253825219ae') in 0.017610 seconds 
========================================================================
Received Import Request.
  Time since last request: 0.000032 seconds.
  path: Assets/Platformer_4_Candy/Meshes/marmalade_004.fbx
  artifactKey: Guid(8bc5c8d676f555c418d92f4d9c75d583) Importer(815301076,1909f56bfc062723c751e8b465ee728b)
Start importing Assets/Platformer_4_Candy/Meshes/marmalade_004.fbx using Guid(8bc5c8d676f555c418d92f4d9c75d583) Importer(815301076,1909f56bfc062723c751e8b465ee728b)  -> (artifact id: 'f5bc24916023c05ae618f9e4276a406e') in 0.019081 seconds 
========================================================================
Received Import Request.
  Time since last request: 0.000021 seconds.
  path: Assets/Platformer_4_Candy/Meshes/lollipop_030.fbx
  artifactKey: Guid(77ecbc3af26141040b0d280e12c8c1c4) Importer(815301076,1909f56bfc062723c751e8b465ee728b)
Start importing Assets/Platformer_4_Candy/Meshes/lollipop_030.fbx using Guid(77ecbc3af26141040b0d280e12c8c1c4) Importer(815301076,1909f56bfc062723c751e8b465ee728b)  -> (artifact id: 'c3b588d51e1ef9596539ac4bd98b8404') in 0.018037 seconds 
========================================================================
Received Import Request.
  Time since last request: 0.000021 seconds.
  path: Assets/Platformer_4_Candy/Meshes/lollipop_032.fbx
  artifactKey: Guid(7592698db06f8f74ab0e19d1916c3f7d) Importer(815301076,1909f56bfc062723c751e8b465ee728b)
Start importing Assets/Platformer_4_Candy/Meshes/lollipop_032.fbx using Guid(7592698db06f8f74ab0e19d1916c3f7d) Importer(815301076,1909f56bfc062723c751e8b465ee728b)  -> (artifact id: 'fa275e10779b58c09328b5639f78b916') in 0.018061 seconds 
========================================================================
Received Import Request.
  Time since last request: 0.327269 seconds.
  path: Assets/Platformer_4_Candy/Meshes/marmalade_snake_003.fbx
  artifactKey: Guid(bcfcb8ce65ba52f4bb23c026414fd5a2) Importer(815301076,1909f56bfc062723c751e8b465ee728b)
Start importing Assets/Platformer_4_Candy/Meshes/marmalade_snake_003.fbx using Guid(bcfcb8ce65ba52f4bb23c026414fd5a2) Importer(815301076,1909f56bfc062723c751e8b465ee728b)  -> (artifact id: '372ddd55b914a4d0bd1ad7761a73a5ba') in 0.032156 seconds 
========================================================================
Received Import Request.
  Time since last request: 0.000023 seconds.
  path: Assets/Platformer_4_Candy/Meshes/marshmallow_002.fbx
  artifactKey: Guid(007a6fdbe514b4547a0b8824d69fa8c7) Importer(815301076,1909f56bfc062723c751e8b465ee728b)
Start importing Assets/Platformer_4_Candy/Meshes/marshmallow_002.fbx using Guid(007a6fdbe514b4547a0b8824d69fa8c7) Importer(815301076,1909f56bfc062723c751e8b465ee728b)  -> (artifact id: 'f20dc9690d3451627b48ee438bbcbd36') in 0.024629 seconds 
========================================================================
Received Import Request.
  Time since last request: 0.000021 seconds.
  path: Assets/Platformer_4_Candy/Meshes/obstacle_5_001.fbx
  artifactKey: Guid(28796bbaa6de36045989acbe6a6a753a) Importer(815301076,1909f56bfc062723c751e8b465ee728b)
Start importing Assets/Platformer_4_Candy/Meshes/obstacle_5_001.fbx using Guid(28796bbaa6de36045989acbe6a6a753a) Importer(815301076,1909f56bfc062723c751e8b465ee728b)  -> (artifact id: '4add1c3a45e7b5c0c136c1ed709dbb98') in 0.018795 seconds 
========================================================================
Received Import Request.
  Time since last request: 0.000019 seconds.
  path: Assets/Platformer_4_Candy/Meshes/marshmallow_005.fbx
  artifactKey: Guid(c34d96cd9feb49f4494bbef24aad831e) Importer(815301076,1909f56bfc062723c751e8b465ee728b)
Start importing Assets/Platformer_4_Candy/Meshes/marshmallow_005.fbx using Guid(c34d96cd9feb49f4494bbef24aad831e) Importer(815301076,1909f56bfc062723c751e8b465ee728b)  -> (artifact id: '8360ee02ea8f7303de9a538e60642d04') in 0.018586 seconds 
========================================================================
Received Import Request.
  Time since last request: 0.000023 seconds.
  path: Assets/Platformer_4_Candy/Meshes/obstacle_11_004.fbx
  artifactKey: Guid(e3bf8f4d94bf9cb4b94da2a6a88d9c80) Importer(815301076,1909f56bfc062723c751e8b465ee728b)
Start importing Assets/Platformer_4_Candy/Meshes/obstacle_11_004.fbx using Guid(e3bf8f4d94bf9cb4b94da2a6a88d9c80) Importer(815301076,1909f56bfc062723c751e8b465ee728b)  -> (artifact id: 'e611c0581db8d0bd2e28189b7d44cb61') in 0.018676 seconds 
========================================================================
Received Import Request.
  Time since last request: 0.000024 seconds.
  path: Assets/Platformer_4_Candy/Meshes/obstacle_7_001.fbx
  artifactKey: Guid(a74d63ce61db79e44b71cd7c9aa492b4) Importer(815301076,1909f56bfc062723c751e8b465ee728b)
Start importing Assets/Platformer_4_Candy/Meshes/obstacle_7_001.fbx using Guid(a74d63ce61db79e44b71cd7c9aa492b4) Importer(815301076,1909f56bfc062723c751e8b465ee728b)  -> (artifact id: '57ba9ac089759e401033fc7b52480808') in 0.020222 seconds 
========================================================================
Received Import Request.
  Time since last request: 0.000027 seconds.
  path: Assets/Platformer_4_Candy/Meshes/obstacle_11_003.fbx
  artifactKey: Guid(dcb6476115ef9474d90b02611423faad) Importer(815301076,1909f56bfc062723c751e8b465ee728b)
Start importing Assets/Platformer_4_Candy/Meshes/obstacle_11_003.fbx using Guid(dcb6476115ef9474d90b02611423faad) Importer(815301076,1909f56bfc062723c751e8b465ee728b)  -> (artifact id: 'a94690d89126992187bf7dae8aa7fade') in 0.019283 seconds 
========================================================================
Received Import Request.
  Time since last request: 0.000029 seconds.
  path: Assets/Platformer_4_Candy/Meshes/obstacle_6_001.fbx
  artifactKey: Guid(ac40e9d8caf1bf64d9fc922fce6a54dc) Importer(815301076,1909f56bfc062723c751e8b465ee728b)
Start importing Assets/Platformer_4_Candy/Meshes/obstacle_6_001.fbx using Guid(ac40e9d8caf1bf64d9fc922fce6a54dc) Importer(815301076,1909f56bfc062723c751e8b465ee728b)  -> (artifact id: '89db8cdfe329a87936204417f3ea51ea') in 0.025657 seconds 
========================================================================
Received Import Request.
  Time since last request: 0.000021 seconds.
  path: Assets/Platformer_4_Candy/Meshes/obstacle_8_001.fbx
  artifactKey: Guid(0bc889fdadc922148845493eb1dcf34f) Importer(815301076,1909f56bfc062723c751e8b465ee728b)
Start importing Assets/Platformer_4_Candy/Meshes/obstacle_8_001.fbx using Guid(0bc889fdadc922148845493eb1dcf34f) Importer(815301076,1909f56bfc062723c751e8b465ee728b)  -> (artifact id: '3349834854f06f14882c81378980b47c') in 0.022382 seconds 
========================================================================
Received Import Request.
  Time since last request: 0.000017 seconds.
  path: Assets/Platformer_4_Candy/Meshes/obstacle_10_001.fbx
  artifactKey: Guid(3873dcc503d3d5e47bbe415fbc5415f8) Importer(815301076,1909f56bfc062723c751e8b465ee728b)
Start importing Assets/Platformer_4_Candy/Meshes/obstacle_10_001.fbx using Guid(3873dcc503d3d5e47bbe415fbc5415f8) Importer(815301076,1909f56bfc062723c751e8b465ee728b)  -> (artifact id: '85abfa9a887c2312d26d01df94e23395') in 0.023806 seconds 
========================================================================
Received Import Request.
  Time since last request: 0.214972 seconds.
  path: Assets/Platformer_4_Candy/Meshes/obstacle_12_001.fbx
  artifactKey: Guid(a09d67d0053ef2f43993a86d0aa81285) Importer(815301076,1909f56bfc062723c751e8b465ee728b)
Start importing Assets/Platformer_4_Candy/Meshes/obstacle_12_001.fbx using Guid(a09d67d0053ef2f43993a86d0aa81285) Importer(815301076,1909f56bfc062723c751e8b465ee728b)  -> (artifact id: 'e0464c8a4da5eecdbf15f5a2a4fb4db6') in 0.016349 seconds 
========================================================================
Received Import Request.
  Time since last request: 0.000017 seconds.
  path: Assets/Platformer_4_Candy/Meshes/platform_candy_008.fbx
  artifactKey: Guid(2818ab438df0f5743bee4751e05874a8) Importer(815301076,1909f56bfc062723c751e8b465ee728b)
Start importing Assets/Platformer_4_Candy/Meshes/platform_candy_008.fbx using Guid(2818ab438df0f5743bee4751e05874a8) Importer(815301076,1909f56bfc062723c751e8b465ee728b)  -> (artifact id: '244dab1fcca6c625a4224f43b59f95b0') in 0.024142 seconds 
========================================================================
Received Import Request.
  Time since last request: 0.000020 seconds.
  path: Assets/Platformer_4_Candy/Meshes/platform_candy_005.fbx
  artifactKey: Guid(c17b3cb0c022af24f9a5f63cfe9c0185) Importer(815301076,1909f56bfc062723c751e8b465ee728b)
Start importing Assets/Platformer_4_Candy/Meshes/platform_candy_005.fbx using Guid(c17b3cb0c022af24f9a5f63cfe9c0185) Importer(815301076,1909f56bfc062723c751e8b465ee728b)  -> (artifact id: '25ed4ca6ed1b2cf72ae47c11ce1bbf58') in 0.024764 seconds 
========================================================================
Received Import Request.
  Time since last request: 0.000024 seconds.
  path: Assets/Platformer_4_Candy/Meshes/platform_candy_004.fbx
  artifactKey: Guid(c78b1076c43479d43a20fb2561716f83) Importer(815301076,1909f56bfc062723c751e8b465ee728b)
Start importing Assets/Platformer_4_Candy/Meshes/platform_candy_004.fbx using Guid(c78b1076c43479d43a20fb2561716f83) Importer(815301076,1909f56bfc062723c751e8b465ee728b)  -> (artifact id: 'f1264103c6b6dc37490d433d73a48688') in 0.021473 seconds 
========================================================================
Received Import Request.
  Time since last request: 0.000019 seconds.
  path: Assets/Platformer_4_Candy/Meshes/platform_candy_007.fbx
  artifactKey: Guid(0c1cf5907ff3c5c42890ec718a6fe616) Importer(815301076,1909f56bfc062723c751e8b465ee728b)
Start importing Assets/Platformer_4_Candy/Meshes/platform_candy_007.fbx using Guid(0c1cf5907ff3c5c42890ec718a6fe616) Importer(815301076,1909f56bfc062723c751e8b465ee728b)  -> (artifact id: '98b24b42258e40590a3941abaf8478bc') in 0.019829 seconds 
========================================================================
Received Import Request.
  Time since last request: 0.000023 seconds.
  path: Assets/Platformer_4_Candy/Meshes/water_001.fbx
  artifactKey: Guid(b2376202ceb42dd469f3142d065c18ff) Importer(815301076,1909f56bfc062723c751e8b465ee728b)
Start importing Assets/Platformer_4_Candy/Meshes/water_001.fbx using Guid(b2376202ceb42dd469f3142d065c18ff) Importer(815301076,1909f56bfc062723c751e8b465ee728b) Shader properties can't be added to this global property sheet. Trying to add _GrabTexture (type 4 count 1)
UnityEngine.StackTraceUtility:ExtractStackTrace ()
UnityEngine.Rendering.ScriptableRenderContext:Submit_Internal ()
UnityEngine.Rendering.ScriptableRenderContext:Submit ()
UnityEngine.Rendering.Universal.UniversalRenderPipeline:RenderSingleCamera (UnityEngine.Rendering.ScriptableRenderContext,UnityEngine.Rendering.Universal.CameraData,bool) (at Library/PackageCache/com.unity.render-pipelines.universal@12.1.10/Runtime/UniversalRenderPipeline.cs:446)
UnityEngine.Rendering.Universal.UniversalRenderPipeline:RenderSingleCamera (UnityEngine.Rendering.ScriptableRenderContext,UnityEngine.Camera) (at Library/PackageCache/com.unity.render-pipelines.universal@12.1.10/Runtime/UniversalRenderPipeline.cs:339)
UnityEngine.Rendering.Universal.UniversalRenderPipeline:Render (UnityEngine.Rendering.ScriptableRenderContext,System.Collections.Generic.List`1<UnityEngine.Camera>) (at Library/PackageCache/com.unity.render-pipelines.universal@12.1.10/Runtime/UniversalRenderPipeline.cs:294)
UnityEngine.Rendering.RenderPipeline:InternalRender (UnityEngine.Rendering.ScriptableRenderContext,System.Collections.Generic.List`1<UnityEngine.Camera>)
UnityEngine.Rendering.RenderPipelineManager:DoRenderLoop_Internal (UnityEngine.Rendering.RenderPipelineAsset,intptr,System.Collections.Generic.List`1<UnityEngine.Camera/RenderRequest>,Unity.Collections.LowLevel.Unsafe.AtomicSafetyHandle)
UnityEditor.PreviewRenderUtility:Render (bool,bool)
UnityEditor.GameObjectInspector:DoRenderPreview ()
UnityEditor.GameObjectInspector:RenderStaticPreview (string,UnityEngine.Object[],int,int)
UnityEditor.AssetPreviewUpdater:CreatePreview (UnityEngine.Object,UnityEngine.Object[],string,int,int)
UnityEditor.AssetPreviewUpdater:CreatePreviewForAsset (UnityEngine.Object,UnityEngine.Object[],string)

[Library/PackageCache/com.unity.render-pipelines.universal@12.1.10/Runtime/UniversalRenderPipeline.cs line 446]

Shader properties can't be added to this global property sheet. Trying to add _GrabTexture_ST (type 2 count 1)
UnityEngine.StackTraceUtility:ExtractStackTrace ()
UnityEngine.Rendering.ScriptableRenderContext:Submit_Internal ()
UnityEngine.Rendering.ScriptableRenderContext:Submit ()
UnityEngine.Rendering.Universal.UniversalRenderPipeline:RenderSingleCamera (UnityEngine.Rendering.ScriptableRenderContext,UnityEngine.Rendering.Universal.CameraData,bool) (at Library/PackageCache/com.unity.render-pipelines.universal@12.1.10/Runtime/UniversalRenderPipeline.cs:446)
UnityEngine.Rendering.Universal.UniversalRenderPipeline:RenderSingleCamera (UnityEngine.Rendering.ScriptableRenderContext,UnityEngine.Camera) (at Library/PackageCache/com.unity.render-pipelines.universal@12.1.10/Runtime/UniversalRenderPipeline.cs:339)
UnityEngine.Rendering.Universal.UniversalRenderPipeline:Render (UnityEngine.Rendering.ScriptableRenderContext,System.Collections.Generic.List`1<UnityEngine.Camera>) (at Library/PackageCache/com.unity.render-pipelines.universal@12.1.10/Runtime/UniversalRenderPipeline.cs:294)
UnityEngine.Rendering.RenderPipeline:InternalRender (UnityEngine.Rendering.ScriptableRenderContext,System.Collections.Generic.List`1<UnityEngine.Camera>)
UnityEngine.Rendering.RenderPipelineManager:DoRenderLoop_Internal (UnityEngine.Rendering.RenderPipelineAsset,intptr,System.Collections.Generic.List`1<UnityEngine.Camera/RenderRequest>,Unity.Collections.LowLevel.Unsafe.AtomicSafetyHandle)
UnityEditor.PreviewRenderUtility:Render (bool,bool)
UnityEditor.GameObjectInspector:DoRenderPreview ()
UnityEditor.GameObjectInspector:RenderStaticPreview (string,UnityEngine.Object[],int,int)
UnityEditor.AssetPreviewUpdater:CreatePreview (UnityEngine.Object,UnityEngine.Object[],string,int,int)
UnityEditor.AssetPreviewUpdater:CreatePreviewForAsset (UnityEngine.Object,UnityEngine.Object[],string)

[Library/PackageCache/com.unity.render-pipelines.universal@12.1.10/Runtime/UniversalRenderPipeline.cs line 446]

Shader properties can't be added to this global property sheet. Trying to add _GrabTexture_TexelSize (type 2 count 1)
UnityEngine.StackTraceUtility:ExtractStackTrace ()
UnityEngine.Rendering.ScriptableRenderContext:Submit_Internal ()
UnityEngine.Rendering.ScriptableRenderContext:Submit ()
UnityEngine.Rendering.Universal.UniversalRenderPipeline:RenderSingleCamera (UnityEngine.Rendering.ScriptableRenderContext,UnityEngine.Rendering.Universal.CameraData,bool) (at Library/PackageCache/com.unity.render-pipelines.universal@12.1.10/Runtime/UniversalRenderPipeline.cs:446)
UnityEngine.Rendering.Universal.UniversalRenderPipeline:RenderSingleCamera (UnityEngine.Rendering.ScriptableRenderContext,UnityEngine.Camera) (at Library/PackageCache/com.unity.render-pipelines.universal@12.1.10/Runtime/UniversalRenderPipeline.cs:339)
UnityEngine.Rendering.Universal.UniversalRenderPipeline:Render (UnityEngine.Rendering.ScriptableRenderContext,System.Collections.Generic.List`1<UnityEngine.Camera>) (at Library/PackageCache/com.unity.render-pipelines.universal@12.1.10/Runtime/UniversalRenderPipeline.cs:294)
UnityEngine.Rendering.RenderPipeline:InternalRender (UnityEngine.Rendering.ScriptableRenderContext,System.Collections.Generic.List`1<UnityEngine.Camera>)
UnityEngine.Rendering.RenderPipelineManager:DoRenderLoop_Internal (UnityEngine.Rendering.RenderPipelineAsset,intptr,System.Collections.Generic.List`1<UnityEngine.Camera/RenderRequest>,Unity.Collections.LowLevel.Unsafe.AtomicSafetyHandle)
UnityEditor.PreviewRenderUtility:Render (bool,bool)
UnityEditor.GameObjectInspector:DoRenderPreview ()
UnityEditor.GameObjectInspector:RenderStaticPreview (string,UnityEngine.Object[],int,int)
UnityEditor.AssetPreviewUpdater:CreatePreview (UnityEngine.Object,UnityEngine.Object[],string,int,int)
UnityEditor.AssetPreviewUpdater:CreatePreviewForAsset (UnityEngine.Object,UnityEngine.Object[],string)

[Library/PackageCache/com.unity.render-pipelines.universal@12.1.10/Runtime/UniversalRenderPipeline.cs line 446]

Shader properties can't be added to this global property sheet. Trying to add _GrabTexture_HDR (type 2 count 1)
UnityEngine.StackTraceUtility:ExtractStackTrace ()
UnityEngine.Rendering.ScriptableRenderContext:Submit_Internal ()
UnityEngine.Rendering.ScriptableRenderContext:Submit ()
UnityEngine.Rendering.Universal.UniversalRenderPipeline:RenderSingleCamera (UnityEngine.Rendering.ScriptableRenderContext,UnityEngine.Rendering.Universal.CameraData,bool) (at Library/PackageCache/com.unity.render-pipelines.universal@12.1.10/Runtime/UniversalRenderPipeline.cs:446)
UnityEngine.Rendering.Universal.UniversalRenderPipeline:RenderSingleCamera (UnityEngine.Rendering.ScriptableRenderContext,UnityEngine.Camera) (at Library/PackageCache/com.unity.render-pipelines.universal@12.1.10/Runtime/UniversalRenderPipeline.cs:339)
UnityEngine.Rendering.Universal.UniversalRenderPipeline:Render (UnityEngine.Rendering.ScriptableRenderContext,System.Collections.Generic.List`1<UnityEngine.Camera>) (at Library/PackageCache/com.unity.render-pipelines.universal@12.1.10/Runtime/UniversalRenderPipeline.cs:294)
UnityEngine.Rendering.RenderPipeline:InternalRender (UnityEngine.Rendering.ScriptableRenderContext,System.Collections.Generic.List`1<UnityEngine.Camera>)
UnityEngine.Rendering.RenderPipelineManager:DoRenderLoop_Internal (UnityEngine.Rendering.RenderPipelineAsset,intptr,System.Collections.Generic.List`1<UnityEngine.Camera/RenderRequest>,Unity.Collections.LowLevel.Unsafe.AtomicSafetyHandle)
UnityEditor.PreviewRenderUtility:Render (bool,bool)
UnityEditor.GameObjectInspector:DoRenderPreview ()
UnityEditor.GameObjectInspector:RenderStaticPreview (string,UnityEngine.Object[],int,int)
UnityEditor.AssetPreviewUpdater:CreatePreview (UnityEngine.Object,UnityEngine.Object[],string,int,int)
UnityEditor.AssetPreviewUpdater:CreatePreviewForAsset (UnityEngine.Object,UnityEngine.Object[],string)

[Library/PackageCache/com.unity.render-pipelines.universal@12.1.10/Runtime/UniversalRenderPipeline.cs line 446]

 -> (artifact id: '217046585bcfc6d747f95ad6746cad9c') in 0.020672 seconds 
========================================================================
Received Import Request.
  Time since last request: 0.000019 seconds.
  path: Assets/Platformer_4_Candy/Meshes/platform_marmalade_003.fbx
  artifactKey: Guid(9d3cb625abf5b3d4fa1d4542d728a170) Importer(815301076,1909f56bfc062723c751e8b465ee728b)
Start importing Assets/Platformer_4_Candy/Meshes/platform_marmalade_003.fbx using Guid(9d3cb625abf5b3d4fa1d4542d728a170) Importer(815301076,1909f56bfc062723c751e8b465ee728b)  -> (artifact id: 'ea227b13700b32944b6d200e6d54e297') in 0.018340 seconds 
========================================================================
Received Import Request.
  Time since last request: 59.857113 seconds.
  path: Assets/Scenes/SampleScene.unity
  artifactKey: Guid(9fc0d4010bbf28b4594072e72b8655ab) Importer(2089858483,0ecaa5967403d082aa24f35e1b516d23)
Start importing Assets/Scenes/SampleScene.unity using Guid(9fc0d4010bbf28b4594072e72b8655ab) Importer(2089858483,0ecaa5967403d082aa24f35e1b516d23) Generated GUIDs only implemented for interfaces!
 -> (artifact id: 'c48e217daedf991f586c72d335115f7a') in 0.143044 seconds 
========================================================================
Received Prepare
Registering precompiled user dll's ...
Registered in 0.008575 seconds.
Begin MonoManager ReloadAssembly
Symbol file LoadedFromMemory doesn't match image F:\unity\test2\Library\PackageCache\com.unity.visualscripting@1.8.0\Editor\VisualScripting.Core\Dependencies\YamlDotNet\Unity.VisualScripting.YamlDotNet.dll
Symbol file LoadedFromMemory doesn't match image F:\unity\test2\Library\PackageCache\com.unity.visualscripting@1.8.0\Editor\VisualScripting.Core\Dependencies\DotNetZip\Unity.VisualScripting.IonicZip.dll
Native extension for WindowsStandalone target not found
Native extension for Android target not found
Native extension for WebGL target not found
Refreshing native plugins compatible for Editor in 1.09 ms, found 3 plugins.
Preloading 0 native plugins for Editor in 0.00 ms.
Mono: successfully reloaded assembly
- Completed reload, in  1.404 seconds
Domain Reload Profiling:
	ReloadAssembly (1405ms)
		BeginReloadAssembly (180ms)
			ExecutionOrderSort (0ms)
			DisableScriptedObjects (7ms)
			BackupInstance (0ms)
			ReleaseScriptingObjects (0ms)
			CreateAndSetChildDomain (56ms)
		EndReloadAssembly (1135ms)
			LoadAssemblies (130ms)
			RebuildTransferFunctionScriptingTraits (0ms)
			SetupTypeCache (396ms)
			ReleaseScriptCaches (2ms)
			RebuildScriptCaches (60ms)
			SetupLoadedEditorAssemblies (456ms)
				LogAssemblyErrors (0ms)
				InitializePlatformSupportModulesInManaged (20ms)
				SetLoadedEditorAssemblies (0ms)
				RefreshPlugins (1ms)
				BeforeProcessingInitializeOnLoad (95ms)
				ProcessInitializeOnLoadAttributes (241ms)
				ProcessInitializeOnLoadMethodAttributes (94ms)
				AfterProcessingInitializeOnLoad (3ms)
				EditorAssembliesLoaded (0ms)
			ExecutionOrderSort2 (0ms)
			AwakeInstancesAfterBackupRestoration (15ms)
Platform modules already initialized, skipping
Refreshing native plugins compatible for Editor in 2.32 ms, found 3 plugins.
Preloading 0 native plugins for Editor in 0.00 ms.
Unloading 5078 Unused Serialized files (Serialized files now loaded: 0)
Unloading 25 unused Assets / (437.2 KB). Loaded Objects now: 5778.
Memory consumption went from 236.4 MB to 236.0 MB.
Total: 3.713800 ms (FindLiveObjects: 0.387400 ms CreateObjectMapping: 0.298200 ms MarkObjects: 2.720300 ms  DeleteObjects: 0.307000 ms)

AssetImportParameters requested are different than current active one (requested -> active):
  custom:video-decoder-ogg-theora: a1e56fd34408186e4bbccfd4996cb3dc -> 
  custom:container-muxer-webm: aa71ff27fc2769a1b78a27578f13a17b -> 
  custom:container-demuxer-webm: 4f35f7cbe854078d1ac9338744f61a02 -> 
  custom:video-encoder-webm-vp8: eb34c28f22e8b96e1ab97ce403110664 -> 
  custom:audio-encoder-webm-vorbis: bf7c407c2cedff20999df2af8eb42d56 -> 
  custom:framework-win-MediaFoundation: 216162199b28c13a410421893ffa2e32 -> 
  custom:container-demuxer-ogg: 62fdf1f143b41e24485cea50d1cbac27 -> 
  custom:video-decoder-webm-vp8: 9c59270c3fd7afecdb556c50c9e8de78 -> 
  custom:audio-decoder-ogg-vorbis: bf7c407c2cedff20999df2af8eb42d56 -> 
========================================================================
Received Prepare
Registering precompiled user dll's ...
Registered in 0.010767 seconds.
Begin MonoManager ReloadAssembly
Symbol file LoadedFromMemory doesn't match image F:\unity\test2\Library\PackageCache\com.unity.visualscripting@1.8.0\Editor\VisualScripting.Core\Dependencies\YamlDotNet\Unity.VisualScripting.YamlDotNet.dll
Symbol file LoadedFromMemory doesn't match image F:\unity\test2\Library\PackageCache\com.unity.visualscripting@1.8.0\Editor\VisualScripting.Core\Dependencies\DotNetZip\Unity.VisualScripting.IonicZip.dll
Native extension for WindowsStandalone target not found
Native extension for Android target not found
Native extension for WebGL target not found
Refreshing native plugins compatible for Editor in 0.91 ms, found 3 plugins.
Preloading 0 native plugins for Editor in 0.00 ms.
Mono: successfully reloaded assembly
- Completed reload, in  1.265 seconds
Domain Reload Profiling:
	ReloadAssembly (1266ms)
		BeginReloadAssembly (156ms)
			ExecutionOrderSort (0ms)
			DisableScriptedObjects (7ms)
			BackupInstance (0ms)
			ReleaseScriptingObjects (0ms)
			CreateAndSetChildDomain (34ms)
		EndReloadAssembly (1019ms)
			LoadAssemblies (123ms)
			RebuildTransferFunctionScriptingTraits (0ms)
			SetupTypeCache (340ms)
			ReleaseScriptCaches (2ms)
			RebuildScriptCaches (55ms)
			SetupLoadedEditorAssemblies (424ms)
				LogAssemblyErrors (0ms)
				InitializePlatformSupportModulesInManaged (17ms)
				SetLoadedEditorAssemblies (0ms)
				RefreshPlugins (1ms)
				BeforeProcessingInitializeOnLoad (95ms)
				ProcessInitializeOnLoadAttributes (223ms)
				ProcessInitializeOnLoadMethodAttributes (83ms)
				AfterProcessingInitializeOnLoad (4ms)
				EditorAssembliesLoaded (0ms)
			ExecutionOrderSort2 (0ms)
			AwakeInstancesAfterBackupRestoration (14ms)
Platform modules already initialized, skipping
Refreshing native plugins compatible for Editor in 2.48 ms, found 3 plugins.
Preloading 0 native plugins for Editor in 0.00 ms.
Unloading 5078 Unused Serialized files (Serialized files now loaded: 0)
Unloading 25 unused Assets / (421.7 KB). Loaded Objects now: 5781.
Memory consumption went from 236.3 MB to 235.9 MB.
Total: 3.784700 ms (FindLiveObjects: 0.493700 ms CreateObjectMapping: 0.417800 ms MarkObjects: 2.598700 ms  DeleteObjects: 0.273000 ms)

AssetImportParameters requested are different than current active one (requested -> active):
  custom:video-decoder-ogg-theora: a1e56fd34408186e4bbccfd4996cb3dc -> 
  custom:container-muxer-webm: aa71ff27fc2769a1b78a27578f13a17b -> 
  custom:container-demuxer-webm: 4f35f7cbe854078d1ac9338744f61a02 -> 
  custom:video-encoder-webm-vp8: eb34c28f22e8b96e1ab97ce403110664 -> 
  custom:audio-encoder-webm-vorbis: bf7c407c2cedff20999df2af8eb42d56 -> 
  custom:framework-win-MediaFoundation: 216162199b28c13a410421893ffa2e32 -> 
  custom:container-demuxer-ogg: 62fdf1f143b41e24485cea50d1cbac27 -> 
  custom:video-decoder-webm-vp8: 9c59270c3fd7afecdb556c50c9e8de78 -> 
  custom:audio-decoder-ogg-vorbis: bf7c407c2cedff20999df2af8eb42d56 -> 
========================================================================
Received Import Request.
  Time since last request: 186.925131 seconds.
  path: Assets/Platformer_4_Candy/Materials/Cup.mat
  artifactKey: Guid(887c4114c04f5fb44a7d3875888d1c4c) Importer(815301076,1909f56bfc062723c751e8b465ee728b)
Start importing Assets/Platformer_4_Candy/Materials/Cup.mat using Guid(887c4114c04f5fb44a7d3875888d1c4c) Importer(815301076,1909f56bfc062723c751e8b465ee728b)  -> (artifact id: 'f1fcb444553086402a4668fdab6bd534') in 0.268857 seconds 
========================================================================
Received Import Request.
  Time since last request: 0.000025 seconds.
  path: Assets/Platformer_4_Candy/Materials/Water_1.mat
  artifactKey: Guid(67f26e2b8727a85459c6a0f7993d4cb3) Importer(815301076,1909f56bfc062723c751e8b465ee728b)
Start importing Assets/Platformer_4_Candy/Materials/Water_1.mat using Guid(67f26e2b8727a85459c6a0f7993d4cb3) Importer(815301076,1909f56bfc062723c751e8b465ee728b) Shader properties can't be added to this global property sheet. Trying to add _GrabTexture (type 4 count 1)
UnityEngine.StackTraceUtility:ExtractStackTrace ()
UnityEngine.Rendering.ScriptableRenderContext:Submit_Internal ()
UnityEngine.Rendering.ScriptableRenderContext:Submit ()
UnityEngine.Rendering.Universal.UniversalRenderPipeline:RenderSingleCamera (UnityEngine.Rendering.ScriptableRenderContext,UnityEngine.Rendering.Universal.CameraData,bool) (at Library/PackageCache/com.unity.render-pipelines.universal@12.1.10/Runtime/UniversalRenderPipeline.cs:446)
UnityEngine.Rendering.Universal.UniversalRenderPipeline:RenderSingleCamera (UnityEngine.Rendering.ScriptableRenderContext,UnityEngine.Camera) (at Library/PackageCache/com.unity.render-pipelines.universal@12.1.10/Runtime/UniversalRenderPipeline.cs:339)
UnityEngine.Rendering.Universal.UniversalRenderPipeline:Render (UnityEngine.Rendering.ScriptableRenderContext,System.Collections.Generic.List`1<UnityEngine.Camera>) (at Library/PackageCache/com.unity.render-pipelines.universal@12.1.10/Runtime/UniversalRenderPipeline.cs:294)
UnityEngine.Rendering.RenderPipeline:InternalRender (UnityEngine.Rendering.ScriptableRenderContext,System.Collections.Generic.List`1<UnityEngine.Camera>)
UnityEngine.Rendering.RenderPipelineManager:DoRenderLoop_Internal (UnityEngine.Rendering.RenderPipelineAsset,intptr,System.Collections.Generic.List`1<UnityEngine.Camera/RenderRequest>,Unity.Collections.LowLevel.Unsafe.AtomicSafetyHandle)
UnityEditor.PreviewRenderUtility:Render (bool,bool)
UnityEditor.MaterialEditor:DoRenderPreview (UnityEditor.PreviewRenderUtility,bool)
UnityEditor.MaterialEditor:RenderStaticPreview (string,UnityEngine.Object[],int,int)
UnityEditor.AssetPreviewUpdater:CreatePreview (UnityEngine.Object,UnityEngine.Object[],string,int,int)
UnityEditor.AssetPreviewUpdater:CreatePreviewForAsset (UnityEngine.Object,UnityEngine.Object[],string)

[Library/PackageCache/com.unity.render-pipelines.universal@12.1.10/Runtime/UniversalRenderPipeline.cs line 446]

Shader properties can't be added to this global property sheet. Trying to add _GrabTexture_ST (type 2 count 1)
UnityEngine.StackTraceUtility:ExtractStackTrace ()
UnityEngine.Rendering.ScriptableRenderContext:Submit_Internal ()
UnityEngine.Rendering.ScriptableRenderContext:Submit ()
UnityEngine.Rendering.Universal.UniversalRenderPipeline:RenderSingleCamera (UnityEngine.Rendering.ScriptableRenderContext,UnityEngine.Rendering.Universal.CameraData,bool) (at Library/PackageCache/com.unity.render-pipelines.universal@12.1.10/Runtime/UniversalRenderPipeline.cs:446)
UnityEngine.Rendering.Universal.UniversalRenderPipeline:RenderSingleCamera (UnityEngine.Rendering.ScriptableRenderContext,UnityEngine.Camera) (at Library/PackageCache/com.unity.render-pipelines.universal@12.1.10/Runtime/UniversalRenderPipeline.cs:339)
UnityEngine.Rendering.Universal.UniversalRenderPipeline:Render (UnityEngine.Rendering.ScriptableRenderContext,System.Collections.Generic.List`1<UnityEngine.Camera>) (at Library/PackageCache/com.unity.render-pipelines.universal@12.1.10/Runtime/UniversalRenderPipeline.cs:294)
UnityEngine.Rendering.RenderPipeline:InternalRender (UnityEngine.Rendering.ScriptableRenderContext,System.Collections.Generic.List`1<UnityEngine.Camera>)
UnityEngine.Rendering.RenderPipelineManager:DoRenderLoop_Internal (UnityEngine.Rendering.RenderPipelineAsset,intptr,System.Collections.Generic.List`1<UnityEngine.Camera/RenderRequest>,Unity.Collections.LowLevel.Unsafe.AtomicSafetyHandle)
UnityEditor.PreviewRenderUtility:Render (bool,bool)
UnityEditor.MaterialEditor:DoRenderPreview (UnityEditor.PreviewRenderUtility,bool)
UnityEditor.MaterialEditor:RenderStaticPreview (string,UnityEngine.Object[],int,int)
UnityEditor.AssetPreviewUpdater:CreatePreview (UnityEngine.Object,UnityEngine.Object[],string,int,int)
UnityEditor.AssetPreviewUpdater:CreatePreviewForAsset (UnityEngine.Object,UnityEngine.Object[],string)

[Library/PackageCache/com.unity.render-pipelines.universal@12.1.10/Runtime/UniversalRenderPipeline.cs line 446]

Shader properties can't be added to this global property sheet. Trying to add _GrabTexture_TexelSize (type 2 count 1)
UnityEngine.StackTraceUtility:ExtractStackTrace ()
UnityEngine.Rendering.ScriptableRenderContext:Submit_Internal ()
UnityEngine.Rendering.ScriptableRenderContext:Submit ()
UnityEngine.Rendering.Universal.UniversalRenderPipeline:RenderSingleCamera (UnityEngine.Rendering.ScriptableRenderContext,UnityEngine.Rendering.Universal.CameraData,bool) (at Library/PackageCache/com.unity.render-pipelines.universal@12.1.10/Runtime/UniversalRenderPipeline.cs:446)
UnityEngine.Rendering.Universal.UniversalRenderPipeline:RenderSingleCamera (UnityEngine.Rendering.ScriptableRenderContext,UnityEngine.Camera) (at Library/PackageCache/com.unity.render-pipelines.universal@12.1.10/Runtime/UniversalRenderPipeline.cs:339)
UnityEngine.Rendering.Universal.UniversalRenderPipeline:Render (UnityEngine.Rendering.ScriptableRenderContext,System.Collections.Generic.List`1<UnityEngine.Camera>) (at Library/PackageCache/com.unity.render-pipelines.universal@12.1.10/Runtime/UniversalRenderPipeline.cs:294)
UnityEngine.Rendering.RenderPipeline:InternalRender (UnityEngine.Rendering.ScriptableRenderContext,System.Collections.Generic.List`1<UnityEngine.Camera>)
UnityEngine.Rendering.RenderPipelineManager:DoRenderLoop_Internal (UnityEngine.Rendering.RenderPipelineAsset,intptr,System.Collections.Generic.List`1<UnityEngine.Camera/RenderRequest>,Unity.Collections.LowLevel.Unsafe.AtomicSafetyHandle)
UnityEditor.PreviewRenderUtility:Render (bool,bool)
UnityEditor.MaterialEditor:DoRenderPreview (UnityEditor.PreviewRenderUtility,bool)
UnityEditor.MaterialEditor:RenderStaticPreview (string,UnityEngine.Object[],int,int)
UnityEditor.AssetPreviewUpdater:CreatePreview (UnityEngine.Object,UnityEngine.Object[],string,int,int)
UnityEditor.AssetPreviewUpdater:CreatePreviewForAsset (UnityEngine.Object,UnityEngine.Object[],string)

[Library/PackageCache/com.unity.render-pipelines.universal@12.1.10/Runtime/UniversalRenderPipeline.cs line 446]

Shader properties can't be added to this global property sheet. Trying to add _GrabTexture_HDR (type 2 count 1)
UnityEngine.StackTraceUtility:ExtractStackTrace ()
UnityEngine.Rendering.ScriptableRenderContext:Submit_Internal ()
UnityEngine.Rendering.ScriptableRenderContext:Submit ()
UnityEngine.Rendering.Universal.UniversalRenderPipeline:RenderSingleCamera (UnityEngine.Rendering.ScriptableRenderContext,UnityEngine.Rendering.Universal.CameraData,bool) (at Library/PackageCache/com.unity.render-pipelines.universal@12.1.10/Runtime/UniversalRenderPipeline.cs:446)
UnityEngine.Rendering.Universal.UniversalRenderPipeline:RenderSingleCamera (UnityEngine.Rendering.ScriptableRenderContext,UnityEngine.Camera) (at Library/PackageCache/com.unity.render-pipelines.universal@12.1.10/Runtime/UniversalRenderPipeline.cs:339)
UnityEngine.Rendering.Universal.UniversalRenderPipeline:Render (UnityEngine.Rendering.ScriptableRenderContext,System.Collections.Generic.List`1<UnityEngine.Camera>) (at Library/PackageCache/com.unity.render-pipelines.universal@12.1.10/Runtime/UniversalRenderPipeline.cs:294)
UnityEngine.Rendering.RenderPipeline:InternalRender (UnityEngine.Rendering.ScriptableRenderContext,System.Collections.Generic.List`1<UnityEngine.Camera>)
UnityEngine.Rendering.RenderPipelineManager:DoRenderLoop_Internal (UnityEngine.Rendering.RenderPipelineAsset,intptr,System.Collections.Generic.List`1<UnityEngine.Camera/RenderRequest>,Unity.Collections.LowLevel.Unsafe.AtomicSafetyHandle)
UnityEditor.PreviewRenderUtility:Render (bool,bool)
UnityEditor.MaterialEditor:DoRenderPreview (UnityEditor.PreviewRenderUtility,bool)
UnityEditor.MaterialEditor:RenderStaticPreview (string,UnityEngine.Object[],int,int)
UnityEditor.AssetPreviewUpdater:CreatePreview (UnityEngine.Object,UnityEngine.Object[],string,int,int)
UnityEditor.AssetPreviewUpdater:CreatePreviewForAsset (UnityEngine.Object,UnityEngine.Object[],string)

[Library/PackageCache/com.unity.render-pipelines.universal@12.1.10/Runtime/UniversalRenderPipeline.cs line 446]

 -> (artifact id: '3c70e270e59c97b926b3313dd97f4d2e') in 0.013554 seconds 
========================================================================
Received Import Request.
  Time since last request: 0.000038 seconds.
  path: Assets/Platformer_4_Candy/Materials/Waves_1.mat
  artifactKey: Guid(f03e702d23192594e9c4f1952bb7518b) Importer(815301076,1909f56bfc062723c751e8b465ee728b)
Start importing Assets/Platformer_4_Candy/Materials/Waves_1.mat using Guid(f03e702d23192594e9c4f1952bb7518b) Importer(815301076,1909f56bfc062723c751e8b465ee728b)  -> (artifact id: '0d6a96f3bcfa321758509eb68b123e1f') in 0.018549 seconds 
Editor requested this worker to shutdown with reason: Scaling down because of idle timeout
AssetImportWorker is now disconnected from the server
Process exiting
Exiting without the bug reporter. Application will terminate with return code 0